INFO [2018-06-13 16:44:38] [[1]]
INFO [2018-06-13 16:44:38] list(DEnamesDESEq2[[i]], edgeRDEnames[[i]], DEnameslimma[[i]])
INFO [2018-06-13 16:44:38] 
INFO [2018-06-13 16:44:38] $filename
INFO [2018-06-13 16:44:38] NULL
INFO [2018-06-13 16:44:38] 
INFO [2018-06-13 16:44:38] $fill
INFO [2018-06-13 16:44:38] c("green", "blue", "red")
INFO [2018-06-13 16:44:38] 
INFO [2018-06-13 16:44:38] $alpha
INFO [2018-06-13 16:44:38] rep(0.5, 3)
INFO [2018-06-13 16:44:38] 
INFO [2018-06-13 16:44:38] $cex
INFO [2018-06-13 16:44:38] [1] 2
INFO [2018-06-13 16:44:38] 
INFO [2018-06-13 16:44:38] $cat.fontface
INFO [2018-06-13 16:44:38] [1] 4
INFO [2018-06-13 16:44:38] 
INFO [2018-06-13 16:44:38] $category.names
INFO [2018-06-13 16:44:38] c("DESeq2", "edgeR", "limma-VOOM")
INFO [2018-06-13 16:44:38] 
INFO [2018-06-13 16:44:38] $main
INFO [2018-06-13 16:44:38] main[[i]]
INFO [2018-06-13 16:44:38] 
INFO [2018-06-13 16:44:38] [[1]]
INFO [2018-06-13 16:44:38] list(DEnamesDESEq2[[i]], edgeRDEnames[[i]], DEnameslimma[[i]])
INFO [2018-06-13 16:44:38] 
INFO [2018-06-13 16:44:38] $filename
INFO [2018-06-13 16:44:38] NULL
INFO [2018-06-13 16:44:38] 
INFO [2018-06-13 16:44:38] $fill
INFO [2018-06-13 16:44:38] c("green", "blue", "red")
INFO [2018-06-13 16:44:38] 
INFO [2018-06-13 16:44:38] $alpha
INFO [2018-06-13 16:44:38] rep(0.5, 3)
INFO [2018-06-13 16:44:38] 
INFO [2018-06-13 16:44:38] $cex
INFO [2018-06-13 16:44:38] [1] 2
INFO [2018-06-13 16:44:38] 
INFO [2018-06-13 16:44:38] $cat.fontface
INFO [2018-06-13 16:44:38] [1] 4
INFO [2018-06-13 16:44:38] 
INFO [2018-06-13 16:44:38] $category.names
INFO [2018-06-13 16:44:38] c("DESeq2", "edgeR", "limma-VOOM")
INFO [2018-06-13 16:44:38] 
INFO [2018-06-13 16:44:38] $main
INFO [2018-06-13 16:44:38] main[[i]]
INFO [2018-06-13 16:44:38] 
INFO [2018-06-13 16:44:38] [[1]]
INFO [2018-06-13 16:44:38] list(DEnamesDESEq2[[i]], edgeRDEnames[[i]], DEnameslimma[[i]])
INFO [2018-06-13 16:44:38] 
INFO [2018-06-13 16:44:38] $filename
INFO [2018-06-13 16:44:38] NULL
INFO [2018-06-13 16:44:38] 
INFO [2018-06-13 16:44:38] $fill
INFO [2018-06-13 16:44:38] c("green", "blue", "red")
INFO [2018-06-13 16:44:38] 
INFO [2018-06-13 16:44:38] $alpha
INFO [2018-06-13 16:44:38] rep(0.5, 3)
INFO [2018-06-13 16:44:38] 
INFO [2018-06-13 16:44:38] $cex
INFO [2018-06-13 16:44:38] [1] 2
INFO [2018-06-13 16:44:38] 
INFO [2018-06-13 16:44:38] $cat.fontface
INFO [2018-06-13 16:44:38] [1] 4
INFO [2018-06-13 16:44:38] 
INFO [2018-06-13 16:44:38] $category.names
INFO [2018-06-13 16:44:38] c("DESeq2", "edgeR", "limma-VOOM")
INFO [2018-06-13 16:44:38] 
INFO [2018-06-13 16:44:38] $main
INFO [2018-06-13 16:44:38] main[[i]]
INFO [2018-06-13 16:44:38] 
INFO [2018-06-13 16:44:38] [[1]]
INFO [2018-06-13 16:44:38] list(DEnamesDESEq2[[i]], edgeRDEnames[[i]], DEnameslimma[[i]])
INFO [2018-06-13 16:44:38] 
INFO [2018-06-13 16:44:38] $filename
INFO [2018-06-13 16:44:38] NULL
INFO [2018-06-13 16:44:38] 
INFO [2018-06-13 16:44:38] $fill
INFO [2018-06-13 16:44:38] c("green", "blue", "red")
INFO [2018-06-13 16:44:38] 
INFO [2018-06-13 16:44:38] $alpha
INFO [2018-06-13 16:44:38] rep(0.5, 3)
INFO [2018-06-13 16:44:38] 
INFO [2018-06-13 16:44:38] $cex
INFO [2018-06-13 16:44:38] [1] 2
INFO [2018-06-13 16:44:38] 
INFO [2018-06-13 16:44:38] $cat.fontface
INFO [2018-06-13 16:44:38] [1] 4
INFO [2018-06-13 16:44:38] 
INFO [2018-06-13 16:44:38] $category.names
INFO [2018-06-13 16:44:38] c("DESeq2", "edgeR", "limma-VOOM")
INFO [2018-06-13 16:44:38] 
INFO [2018-06-13 16:44:38] $main
INFO [2018-06-13 16:44:38] main[[i]]
INFO [2018-06-13 16:44:38] 
INFO [2018-06-13 16:44:38] [[1]]
INFO [2018-06-13 16:44:38] list(DEnamesDESEq2[[i]], edgeRDEnames[[i]], DEnameslimma[[i]])
INFO [2018-06-13 16:44:38] 
INFO [2018-06-13 16:44:38] $filename
INFO [2018-06-13 16:44:38] NULL
INFO [2018-06-13 16:44:38] 
INFO [2018-06-13 16:44:38] $fill
INFO [2018-06-13 16:44:38] c("green", "blue", "red")
INFO [2018-06-13 16:44:38] 
INFO [2018-06-13 16:44:38] $alpha
INFO [2018-06-13 16:44:38] rep(0.5, 3)
INFO [2018-06-13 16:44:38] 
INFO [2018-06-13 16:44:38] $cex
INFO [2018-06-13 16:44:38] [1] 2
INFO [2018-06-13 16:44:38] 
INFO [2018-06-13 16:44:38] $cat.fontface
INFO [2018-06-13 16:44:38] [1] 4
INFO [2018-06-13 16:44:38] 
INFO [2018-06-13 16:44:38] $category.names
INFO [2018-06-13 16:44:38] c("DESeq2", "edgeR", "limma-VOOM")
INFO [2018-06-13 16:44:38] 
INFO [2018-06-13 16:44:38] $main
INFO [2018-06-13 16:44:38] main[[i]]
INFO [2018-06-13 16:44:38] 
INFO [2018-06-13 16:44:38] [[1]]
INFO [2018-06-13 16:44:38] list(DEnamesDESEq2[[i]], edgeRDEnames[[i]], DEnameslimma[[i]])
INFO [2018-06-13 16:44:38] 
INFO [2018-06-13 16:44:38] $filename
INFO [2018-06-13 16:44:38] NULL
INFO [2018-06-13 16:44:38] 
INFO [2018-06-13 16:44:38] $fill
INFO [2018-06-13 16:44:38] c("green", "blue", "red")
INFO [2018-06-13 16:44:38] 
INFO [2018-06-13 16:44:38] $alpha
INFO [2018-06-13 16:44:38] rep(0.5, 3)
INFO [2018-06-13 16:44:38] 
INFO [2018-06-13 16:44:38] $cex
INFO [2018-06-13 16:44:38] [1] 2
INFO [2018-06-13 16:44:38] 
INFO [2018-06-13 16:44:38] $cat.fontface
INFO [2018-06-13 16:44:38] [1] 4
INFO [2018-06-13 16:44:38] 
INFO [2018-06-13 16:44:38] $category.names
INFO [2018-06-13 16:44:38] c("DESeq2", "edgeR", "limma-VOOM")
INFO [2018-06-13 16:44:38] 
INFO [2018-06-13 16:44:38] $main
INFO [2018-06-13 16:44:38] main[[i]]
INFO [2018-06-13 16:44:38] 
INFO [2018-06-13 16:44:38] [[1]]
INFO [2018-06-13 16:44:38] list(DEnamesDESEq2[[i]], edgeRDEnames[[i]], DEnameslimma[[i]])
INFO [2018-06-13 16:44:38] 
INFO [2018-06-13 16:44:38] $filename
INFO [2018-06-13 16:44:38] NULL
INFO [2018-06-13 16:44:38] 
INFO [2018-06-13 16:44:38] $fill
INFO [2018-06-13 16:44:38] c("green", "blue", "red")
INFO [2018-06-13 16:44:38] 
INFO [2018-06-13 16:44:38] $alpha
INFO [2018-06-13 16:44:38] rep(0.5, 3)
INFO [2018-06-13 16:44:38] 
INFO [2018-06-13 16:44:38] $cex
INFO [2018-06-13 16:44:38] [1] 2
INFO [2018-06-13 16:44:38] 
INFO [2018-06-13 16:44:38] $cat.fontface
INFO [2018-06-13 16:44:38] [1] 4
INFO [2018-06-13 16:44:38] 
INFO [2018-06-13 16:44:38] $category.names
INFO [2018-06-13 16:44:38] c("DESeq2", "edgeR", "limma-VOOM")
INFO [2018-06-13 16:44:38] 
INFO [2018-06-13 16:44:38] $main
INFO [2018-06-13 16:44:38] main[[i]]
INFO [2018-06-13 16:44:38] 
INFO [2018-06-13 16:44:38] [[1]]
INFO [2018-06-13 16:44:38] list(DEnamesDESEq2[[i]], edgeRDEnames[[i]], DEnameslimma[[i]])
INFO [2018-06-13 16:44:38] 
INFO [2018-06-13 16:44:38] $filename
INFO [2018-06-13 16:44:38] NULL
INFO [2018-06-13 16:44:38] 
INFO [2018-06-13 16:44:38] $fill
INFO [2018-06-13 16:44:38] c("green", "blue", "red")
INFO [2018-06-13 16:44:38] 
INFO [2018-06-13 16:44:38] $alpha
INFO [2018-06-13 16:44:38] rep(0.5, 3)
INFO [2018-06-13 16:44:38] 
INFO [2018-06-13 16:44:38] $cex
INFO [2018-06-13 16:44:38] [1] 2
INFO [2018-06-13 16:44:38] 
INFO [2018-06-13 16:44:38] $cat.fontface
INFO [2018-06-13 16:44:38] [1] 4
INFO [2018-06-13 16:44:38] 
INFO [2018-06-13 16:44:38] $category.names
INFO [2018-06-13 16:44:38] c("DESeq2", "edgeR", "limma-VOOM")
INFO [2018-06-13 16:44:38] 
INFO [2018-06-13 16:44:38] $main
INFO [2018-06-13 16:44:38] main[[i]]
INFO [2018-06-13 16:44:38] 
INFO [2018-06-13 16:44:38] [[1]]
INFO [2018-06-13 16:44:38] list(DEnamesDESEq2[[i]], edgeRDEnames[[i]], DEnameslimma[[i]])
INFO [2018-06-13 16:44:38] 
INFO [2018-06-13 16:44:38] $filename
INFO [2018-06-13 16:44:38] NULL
INFO [2018-06-13 16:44:38] 
INFO [2018-06-13 16:44:38] $fill
INFO [2018-06-13 16:44:38] c("green", "blue", "red")
INFO [2018-06-13 16:44:38] 
INFO [2018-06-13 16:44:38] $alpha
INFO [2018-06-13 16:44:38] rep(0.5, 3)
INFO [2018-06-13 16:44:38] 
INFO [2018-06-13 16:44:38] $cex
INFO [2018-06-13 16:44:38] [1] 2
INFO [2018-06-13 16:44:38] 
INFO [2018-06-13 16:44:38] $cat.fontface
INFO [2018-06-13 16:44:38] [1] 4
INFO [2018-06-13 16:44:38] 
INFO [2018-06-13 16:44:38] $category.names
INFO [2018-06-13 16:44:38] c("DESeq2", "edgeR", "limma-VOOM")
INFO [2018-06-13 16:44:38] 
INFO [2018-06-13 16:44:38] $main
INFO [2018-06-13 16:44:38] main[[i]]
INFO [2018-06-13 16:44:38] 
INFO [2018-06-13 16:44:38] [[1]]
INFO [2018-06-13 16:44:38] list(DEnamesDESEq2[[i]], edgeRDEnames[[i]], DEnameslimma[[i]])
INFO [2018-06-13 16:44:38] 
INFO [2018-06-13 16:44:38] $filename
INFO [2018-06-13 16:44:38] NULL
INFO [2018-06-13 16:44:38] 
INFO [2018-06-13 16:44:38] $fill
INFO [2018-06-13 16:44:38] c("green", "blue", "red")
INFO [2018-06-13 16:44:38] 
INFO [2018-06-13 16:44:38] $alpha
INFO [2018-06-13 16:44:38] rep(0.5, 3)
INFO [2018-06-13 16:44:38] 
INFO [2018-06-13 16:44:38] $cex
INFO [2018-06-13 16:44:38] [1] 2
INFO [2018-06-13 16:44:38] 
INFO [2018-06-13 16:44:38] $cat.fontface
INFO [2018-06-13 16:44:38] [1] 4
INFO [2018-06-13 16:44:38] 
INFO [2018-06-13 16:44:38] $category.names
INFO [2018-06-13 16:44:38] c("DESeq2", "edgeR", "limma-VOOM")
INFO [2018-06-13 16:44:38] 
INFO [2018-06-13 16:44:38] $main
INFO [2018-06-13 16:44:38] main[[i]]
INFO [2018-06-13 16:44:38] 
INFO [2018-06-13 16:44:38] [[1]]
INFO [2018-06-13 16:44:38] list(DEnamesDESEq2[[i]], edgeRDEnames[[i]], DEnameslimma[[i]])
INFO [2018-06-13 16:44:38] 
INFO [2018-06-13 16:44:38] $filename
INFO [2018-06-13 16:44:38] NULL
INFO [2018-06-13 16:44:38] 
INFO [2018-06-13 16:44:38] $fill
INFO [2018-06-13 16:44:38] c("green", "blue", "red")
INFO [2018-06-13 16:44:38] 
INFO [2018-06-13 16:44:38] $alpha
INFO [2018-06-13 16:44:38] rep(0.5, 3)
INFO [2018-06-13 16:44:38] 
INFO [2018-06-13 16:44:38] $cex
INFO [2018-06-13 16:44:38] [1] 2
INFO [2018-06-13 16:44:38] 
INFO [2018-06-13 16:44:38] $cat.fontface
INFO [2018-06-13 16:44:38] [1] 4
INFO [2018-06-13 16:44:38] 
INFO [2018-06-13 16:44:38] $category.names
INFO [2018-06-13 16:44:38] c("DESeq2", "edgeR", "limma-VOOM")
INFO [2018-06-13 16:44:38] 
INFO [2018-06-13 16:44:38] $main
INFO [2018-06-13 16:44:38] main[[i]]
INFO [2018-06-13 16:44:38] 
INFO [2018-06-13 16:44:38] [[1]]
INFO [2018-06-13 16:44:38] list(DEnamesDESEq2[[i]], edgeRDEnames[[i]], DEnameslimma[[i]])
INFO [2018-06-13 16:44:38] 
INFO [2018-06-13 16:44:38] $filename
INFO [2018-06-13 16:44:38] NULL
INFO [2018-06-13 16:44:38] 
INFO [2018-06-13 16:44:38] $fill
INFO [2018-06-13 16:44:38] c("green", "blue", "red")
INFO [2018-06-13 16:44:38] 
INFO [2018-06-13 16:44:38] $alpha
INFO [2018-06-13 16:44:38] rep(0.5, 3)
INFO [2018-06-13 16:44:38] 
INFO [2018-06-13 16:44:38] $cex
INFO [2018-06-13 16:44:38] [1] 2
INFO [2018-06-13 16:44:38] 
INFO [2018-06-13 16:44:38] $cat.fontface
INFO [2018-06-13 16:44:38] [1] 4
INFO [2018-06-13 16:44:38] 
INFO [2018-06-13 16:44:38] $category.names
INFO [2018-06-13 16:44:38] c("DESeq2", "edgeR", "limma-VOOM")
INFO [2018-06-13 16:44:38] 
INFO [2018-06-13 16:44:38] $main
INFO [2018-06-13 16:44:38] main[[i]]
INFO [2018-06-13 16:44:38] 
